G:\DEMO PROJECTS\LPCDEMO\DEBUG\LPCDEMO_EXE.EXE
G:\DEMO PROJECTS\LPCDEMO\DEBUG\LPCDEMO_EXE.ILK
G:\DEMO PROJECTS\LPCDEMO\DEBUG\LPCDEMO_EXE.PDB
G:\Demo Projects\LpcDemo\LpcDemo_exe\Debug\cl.command.1.tlog
G:\Demo Projects\LpcDemo\LpcDemo_exe\Debug\CL.read.1.tlog
G:\Demo Projects\LpcDemo\LpcDemo_exe\Debug\CL.write.1.tlog
G:\Demo Projects\LpcDemo\LpcDemo_exe\Debug\link.3000.read.1.tlog
G:\Demo Projects\LpcDemo\LpcDemo_exe\Debug\link.3000.write.1.tlog
G:\Demo Projects\LpcDemo\LpcDemo_exe\Debug\link.3000-cvtres.read.1.tlog
G:\Demo Projects\LpcDemo\LpcDemo_exe\Debug\link.3000-cvtres.write.1.tlog
G:\Demo Projects\LpcDemo\LpcDemo_exe\Debug\link.command.1.tlog
G:\Demo Projects\LpcDemo\LpcDemo_exe\Debug\link.read.1.tlog
G:\Demo Projects\LpcDemo\LpcDemo_exe\Debug\link.write.1.tlog
G:\Demo Projects\LpcDemo\LpcDemo_exe\Debug\link-cvtres.read.1.tlog
G:\Demo Projects\LpcDemo\LpcDemo_exe\Debug\link-cvtres.write.1.tlog
G:\DEMO PROJECTS\LPCDEMO\LPCDEMO_EXE\DEBUG\LPCDEMO_EXE.EXE.EMBED.MANIFEST
G:\DEMO PROJECTS\LPCDEMO\LPCDEMO_EXE\DEBUG\LPCDEMO_EXE.EXE.EMBED.MANIFEST.RES
G:\DEMO PROJECTS\LPCDEMO\LPCDEMO_EXE\DEBUG\LPCDEMO_EXE.EXE.INTERMEDIATE.MANIFEST
G:\DEMO PROJECTS\LPCDEMO\LPCDEMO_EXE\DEBUG\LPCDEMO_EXE.OBJ
G:\Demo Projects\LpcDemo\LpcDemo_exe\Debug\LpcDemo_exe_manifest.rc
G:\Demo Projects\LpcDemo\LpcDemo_exe\Debug\mt.command.1.tlog
G:\Demo Projects\LpcDemo\LpcDemo_exe\Debug\mt.read.1.tlog
G:\Demo Projects\LpcDemo\LpcDemo_exe\Debug\mt.write.1.tlog
G:\Demo Projects\LpcDemo\LpcDemo_exe\Debug\rc.command.1.tlog
G:\Demo Projects\LpcDemo\LpcDemo_exe\Debug\rc.read.1.tlog
G:\Demo Projects\LpcDemo\LpcDemo_exe\Debug\rc.write.1.tlog
G:\Demo Projects\LpcDemo\LpcDemo_exe\Debug\vc100.idb
G:\DEMO PROJECTS\LPCDEMO\LPCDEMO_EXE\DEBUG\VC100.PDB
