生成启动时间为 2011-8-3 18:27:36。
     1>项目“G:\Demo Projects\LpcDemo\LpcDemo_exe\LpcDemo_exe.vcxproj”在节点 2 上(rebuild 个目标)。
     1>_PrepareForClean:
         正在删除文件“Debug\LpcDemo_exe.lastbuildstate”。
       InitializeBuildStatus:
         正在创建“Debug\LpcDemo_exe.unsuccessfulbuild”，因为已指定“AlwaysCreate”。
       ClCompile:
         G:\Visual Studio 2010\VC\bin\CL.exe /c /ZI /nologo /W3 /WX- /Od /Oy- /D WIN32 /D _DEBUG /D _CONSOLE /D _UNICODE /D UNICODE /Gm /EHsc /RTC1 /MDd /GS /fp:precise /Zc:wchar_t /Zc:forScope /Fo"Debug\\" /Fd"Debug\vc100.pdb" /Gd /TC /analyze- /errorReport:prompt LpcDemo_exe.c
         LpcDemo_exe.c
     1>g:\demo projects\lpcdemo\inc\ntstatus.h(147): warning C4005: “STATUS_WAIT_0”: 宏重定义
                 c:\program files\microsoft sdks\windows\v7.0a\include\winnt.h(1983) : 参见“STATUS_WAIT_0”的前一个定义
     1>g:\demo projects\lpcdemo\inc\ntstatus.h(199): warning C4005: “STATUS_ABANDONED_WAIT_0”: 宏重定义
                 c:\program files\microsoft sdks\windows\v7.0a\include\winnt.h(1984) : 参见“STATUS_ABANDONED_WAIT_0”的前一个定义
     1>g:\demo projects\lpcdemo\inc\ntstatus.h(222): warning C4005: “STATUS_USER_APC”: 宏重定义
                 c:\program files\microsoft sdks\windows\v7.0a\include\winnt.h(1985) : 参见“STATUS_USER_APC”的前一个定义
     1>g:\demo projects\lpcdemo\inc\ntstatus.h(249): warning C4005: “STATUS_TIMEOUT”: 宏重定义
                 c:\program files\microsoft sdks\windows\v7.0a\include\winnt.h(1986) : 参见“STATUS_TIMEOUT”的前一个定义
     1>g:\demo projects\lpcdemo\inc\ntstatus.h(258): warning C4005: “STATUS_PENDING”: 宏重定义
                 c:\program files\microsoft sdks\windows\v7.0a\include\winnt.h(1987) : 参见“STATUS_PENDING”的前一个定义
     1>g:\demo projects\lpcdemo\inc\ntstatus.h(651): warning C4005: “DBG_EXCEPTION_HANDLED”: 宏重定义
                 c:\program files\microsoft sdks\windows\v7.0a\include\winnt.h(1988) : 参见“DBG_EXCEPTION_HANDLED”的前一个定义
     1>g:\demo projects\lpcdemo\inc\ntstatus.h(660): warning C4005: “DBG_CONTINUE”: 宏重定义
                 c:\program files\microsoft sdks\windows\v7.0a\include\winnt.h(1989) : 参见“DBG_CONTINUE”的前一个定义
     1>g:\demo projects\lpcdemo\inc\ntstatus.h(746): warning C4005: “STATUS_SEGMENT_NOTIFICATION”: 宏重定义
                 c:\program files\microsoft sdks\windows\v7.0a\include\winnt.h(1990) : 参见“STATUS_SEGMENT_NOTIFICATION”的前一个定义
     1>g:\demo projects\lpcdemo\inc\ntstatus.h(1219): warning C4005: “DBG_TERMINATE_THREAD”: 宏重定义
                 c:\program files\microsoft sdks\windows\v7.0a\include\winnt.h(1991) : 参见“DBG_TERMINATE_THREAD”的前一个定义
     1>g:\demo projects\lpcdemo\inc\ntstatus.h(1228): warning C4005: “DBG_TERMINATE_PROCESS”: 宏重定义
                 c:\program files\microsoft sdks\windows\v7.0a\include\winnt.h(1992) : 参见“DBG_TERMINATE_PROCESS”的前一个定义
     1>g:\demo projects\lpcdemo\inc\ntstatus.h(1237): warning C4005: “DBG_CONTROL_C”: 宏重定义
                 c:\program files\microsoft sdks\windows\v7.0a\include\winnt.h(1993) : 参见“DBG_CONTROL_C”的前一个定义
     1>g:\demo projects\lpcdemo\inc\ntstatus.h(1246): warning C4005: “DBG_PRINTEXCEPTION_C”: 宏重定义
                 c:\program files\microsoft sdks\windows\v7.0a\include\winnt.h(1994) : 参见“DBG_PRINTEXCEPTION_C”的前一个定义
     1>g:\demo projects\lpcdemo\inc\ntstatus.h(1255): warning C4005: “DBG_RIPEXCEPTION”: 宏重定义
                 c:\program files\microsoft sdks\windows\v7.0a\include\winnt.h(1995) : 参见“DBG_RIPEXCEPTION”的前一个定义
     1>g:\demo projects\lpcdemo\inc\ntstatus.h(1264): warning C4005: “DBG_CONTROL_BREAK”: 宏重定义
                 c:\program files\microsoft sdks\windows\v7.0a\include\winnt.h(1996) : 参见“DBG_CONTROL_BREAK”的前一个定义
     1>g:\demo projects\lpcdemo\inc\ntstatus.h(1273): warning C4005: “DBG_COMMAND_EXCEPTION”: 宏重定义
                 c:\program files\microsoft sdks\windows\v7.0a\include\winnt.h(1997) : 参见“DBG_COMMAND_EXCEPTION”的前一个定义
     1>g:\demo projects\lpcdemo\inc\ntstatus.h(1305): warning C4005: “STATUS_GUARD_PAGE_VIOLATION”: 宏重定义
                 c:\program files\microsoft sdks\windows\v7.0a\include\winnt.h(1998) : 参见“STATUS_GUARD_PAGE_VIOLATION”的前一个定义
     1>g:\demo projects\lpcdemo\inc\ntstatus.h(1316): warning C4005: “STATUS_DATATYPE_MISALIGNMENT”: 宏重定义
                 c:\program files\microsoft sdks\windows\v7.0a\include\winnt.h(1999) : 参见“STATUS_DATATYPE_MISALIGNMENT”的前一个定义
     1>g:\demo projects\lpcdemo\inc\ntstatus.h(1327): warning C4005: “STATUS_BREAKPOINT”: 宏重定义
                 c:\program files\microsoft sdks\windows\v7.0a\include\winnt.h(2000) : 参见“STATUS_BREAKPOINT”的前一个定义
     1>g:\demo projects\lpcdemo\inc\ntstatus.h(1338): warning C4005: “STATUS_SINGLE_STEP”: 宏重定义
                 c:\program files\microsoft sdks\windows\v7.0a\include\winnt.h(2001) : 参见“STATUS_SINGLE_STEP”的前一个定义
     1>g:\demo projects\lpcdemo\inc\ntstatus.h(1641): warning C4005: “STATUS_LONGJUMP”: 宏重定义
                 c:\program files\microsoft sdks\windows\v7.0a\include\winnt.h(2002) : 参见“STATUS_LONGJUMP”的前一个定义
     1>g:\demo projects\lpcdemo\inc\ntstatus.h(1668): warning C4005: “STATUS_UNWIND_CONSOLIDATE”: 宏重定义
                 c:\program files\microsoft sdks\windows\v7.0a\include\winnt.h(2003) : 参见“STATUS_UNWIND_CONSOLIDATE”的前一个定义
     1>g:\demo projects\lpcdemo\inc\ntstatus.h(1735): warning C4005: “DBG_EXCEPTION_NOT_HANDLED”: 宏重定义
                 c:\program files\microsoft sdks\windows\v7.0a\include\winnt.h(2004) : 参见“DBG_EXCEPTION_NOT_HANDLED”的前一个定义
     1>g:\demo projects\lpcdemo\inc\ntstatus.h(1864): warning C4005: “STATUS_ACCESS_VIOLATION”: 宏重定义
                 c:\program files\microsoft sdks\windows\v7.0a\include\winnt.h(2005) : 参见“STATUS_ACCESS_VIOLATION”的前一个定义
     1>g:\demo projects\lpcdemo\inc\ntstatus.h(1873): warning C4005: “STATUS_IN_PAGE_ERROR”: 宏重定义
                 c:\program files\microsoft sdks\windows\v7.0a\include\winnt.h(2006) : 参见“STATUS_IN_PAGE_ERROR”的前一个定义
     1>g:\demo projects\lpcdemo\inc\ntstatus.h(1891): warning C4005: “STATUS_INVALID_HANDLE”: 宏重定义
                 c:\program files\microsoft sdks\windows\v7.0a\include\winnt.h(2007) : 参见“STATUS_INVALID_HANDLE”的前一个定义
     1>g:\demo projects\lpcdemo\inc\ntstatus.h(1936): warning C4005: “STATUS_INVALID_PARAMETER”: 宏重定义
                 c:\program files\microsoft sdks\windows\v7.0a\include\winnt.h(2008) : 参见“STATUS_INVALID_PARAMETER”的前一个定义
     1>g:\demo projects\lpcdemo\inc\ntstatus.h(2036): warning C4005: “STATUS_NO_MEMORY”: 宏重定义
                 c:\program files\microsoft sdks\windows\v7.0a\include\winnt.h(2009) : 参见“STATUS_NO_MEMORY”的前一个定义
     1>g:\demo projects\lpcdemo\inc\ntstatus.h(2093): warning C4005: “STATUS_ILLEGAL_INSTRUCTION”: 宏重定义
                 c:\program files\microsoft sdks\windows\v7.0a\include\winnt.h(2010) : 参见“STATUS_ILLEGAL_INSTRUCTION”的前一个定义
     1>g:\demo projects\lpcdemo\inc\ntstatus.h(2174): warning C4005: “STATUS_NONCONTINUABLE_EXCEPTION”: 宏重定义
                 c:\program files\microsoft sdks\windows\v7.0a\include\winnt.h(2011) : 参见“STATUS_NONCONTINUABLE_EXCEPTION”的前一个定义
     1>g:\demo projects\lpcdemo\inc\ntstatus.h(2183): warning C4005: “STATUS_INVALID_DISPOSITION”: 宏重定义
                 c:\program files\microsoft sdks\windows\v7.0a\include\winnt.h(2012) : 参见“STATUS_INVALID_DISPOSITION”的前一个定义
     1>g:\demo projects\lpcdemo\inc\ntstatus.h(3105): warning C4005: “STATUS_ARRAY_BOUNDS_EXCEEDED”: 宏重定义
                 c:\program files\microsoft sdks\windows\v7.0a\include\winnt.h(2013) : 参见“STATUS_ARRAY_BOUNDS_EXCEEDED”的前一个定义
     1>g:\demo projects\lpcdemo\inc\ntstatus.h(3115): warning C4005: “STATUS_FLOAT_DENORMAL_OPERAND”: 宏重定义
                 c:\program files\microsoft sdks\windows\v7.0a\include\winnt.h(2014) : 参见“STATUS_FLOAT_DENORMAL_OPERAND”的前一个定义
     1>g:\demo projects\lpcdemo\inc\ntstatus.h(3125): warning C4005: “STATUS_FLOAT_DIVIDE_BY_ZERO”: 宏重定义
                 c:\program files\microsoft sdks\windows\v7.0a\include\winnt.h(2015) : 参见“STATUS_FLOAT_DIVIDE_BY_ZERO”的前一个定义
     1>g:\demo projects\lpcdemo\inc\ntstatus.h(3135): warning C4005: “STATUS_FLOAT_INEXACT_RESULT”: 宏重定义
                 c:\program files\microsoft sdks\windows\v7.0a\include\winnt.h(2016) : 参见“STATUS_FLOAT_INEXACT_RESULT”的前一个定义
     1>g:\demo projects\lpcdemo\inc\ntstatus.h(3145): warning C4005: “STATUS_FLOAT_INVALID_OPERATION”: 宏重定义
                 c:\program files\microsoft sdks\windows\v7.0a\include\winnt.h(2017) : 参见“STATUS_FLOAT_INVALID_OPERATION”的前一个定义
     1>g:\demo projects\lpcdemo\inc\ntstatus.h(3155): warning C4005: “STATUS_FLOAT_OVERFLOW”: 宏重定义
                 c:\program files\microsoft sdks\windows\v7.0a\include\winnt.h(2018) : 参见“STATUS_FLOAT_OVERFLOW”的前一个定义
     1>g:\demo projects\lpcdemo\inc\ntstatus.h(3165): warning C4005: “STATUS_FLOAT_STACK_CHECK”: 宏重定义
                 c:\program files\microsoft sdks\windows\v7.0a\include\winnt.h(2019) : 参见“STATUS_FLOAT_STACK_CHECK”的前一个定义
     1>g:\demo projects\lpcdemo\inc\ntstatus.h(3175): warning C4005: “STATUS_FLOAT_UNDERFLOW”: 宏重定义
                 c:\program files\microsoft sdks\windows\v7.0a\include\winnt.h(2020) : 参见“STATUS_FLOAT_UNDERFLOW”的前一个定义
     1>g:\demo projects\lpcdemo\inc\ntstatus.h(3185): warning C4005: “STATUS_INTEGER_DIVIDE_BY_ZERO”: 宏重定义
                 c:\program files\microsoft sdks\windows\v7.0a\include\winnt.h(2021) : 参见“STATUS_INTEGER_DIVIDE_BY_ZERO”的前一个定义
     1>g:\demo projects\lpcdemo\inc\ntstatus.h(3195): warning C4005: “STATUS_INTEGER_OVERFLOW”: 宏重定义
                 c:\program files\microsoft sdks\windows\v7.0a\include\winnt.h(2022) : 参见“STATUS_INTEGER_OVERFLOW”的前一个定义
     1>g:\demo projects\lpcdemo\inc\ntstatus.h(3205): warning C4005: “STATUS_PRIVILEGED_INSTRUCTION”: 宏重定义
                 c:\program files\microsoft sdks\windows\v7.0a\include\winnt.h(2023) : 参见“STATUS_PRIVILEGED_INSTRUCTION”的前一个定义
     1>g:\demo projects\lpcdemo\inc\ntstatus.h(4151): warning C4005: “STATUS_STACK_OVERFLOW”: 宏重定义
                 c:\program files\microsoft sdks\windows\v7.0a\include\winnt.h(2024) : 参见“STATUS_STACK_OVERFLOW”的前一个定义
     1>g:\demo projects\lpcdemo\inc\ntstatus.h(4668): warning C4005: “STATUS_DLL_NOT_FOUND”: 宏重定义
                 c:\program files\microsoft sdks\windows\v7.0a\include\winnt.h(2025) : 参见“STATUS_DLL_NOT_FOUND”的前一个定义
     1>g:\demo projects\lpcdemo\inc\ntstatus.h(4697): warning C4005: “STATUS_ORDINAL_NOT_FOUND”: 宏重定义
                 c:\program files\microsoft sdks\windows\v7.0a\include\winnt.h(2026) : 参见“STATUS_ORDINAL_NOT_FOUND”的前一个定义
     1>g:\demo projects\lpcdemo\inc\ntstatus.h(4707): warning C4005: “STATUS_ENTRYPOINT_NOT_FOUND”: 宏重定义
                 c:\program files\microsoft sdks\windows\v7.0a\include\winnt.h(2027) : 参见“STATUS_ENTRYPOINT_NOT_FOUND”的前一个定义
     1>g:\demo projects\lpcdemo\inc\ntstatus.h(4717): warning C4005: “STATUS_CONTROL_C_EXIT”: 宏重定义
                 c:\program files\microsoft sdks\windows\v7.0a\include\winnt.h(2028) : 参见“STATUS_CONTROL_C_EXIT”的前一个定义
     1>g:\demo projects\lpcdemo\inc\ntstatus.h(4795): warning C4005: “STATUS_DLL_INIT_FAILED”: 宏重定义
                 c:\program files\microsoft sdks\windows\v7.0a\include\winnt.h(2029) : 参见“STATUS_DLL_INIT_FAILED”的前一个定义
     1>g:\demo projects\lpcdemo\inc\ntstatus.h(7197): warning C4005: “STATUS_FLOAT_MULTIPLE_FAULTS”: 宏重定义
                 c:\program files\microsoft sdks\windows\v7.0a\include\winnt.h(2030) : 参见“STATUS_FLOAT_MULTIPLE_FAULTS”的前一个定义
     1>g:\demo projects\lpcdemo\inc\ntstatus.h(7207): warning C4005: “STATUS_FLOAT_MULTIPLE_TRAPS”: 宏重定义
                 c:\program files\microsoft sdks\windows\v7.0a\include\winnt.h(2031) : 参见“STATUS_FLOAT_MULTIPLE_TRAPS”的前一个定义
     1>g:\demo projects\lpcdemo\inc\ntstatus.h(7330): warning C4005: “STATUS_REG_NAT_CONSUMPTION”: 宏重定义
                 c:\program files\microsoft sdks\windows\v7.0a\include\winnt.h(2032) : 参见“STATUS_REG_NAT_CONSUMPTION”的前一个定义
     1>g:\demo projects\lpcdemo\inc\ntstatus.h(8523): warning C4005: “STATUS_STACK_BUFFER_OVERRUN”: 宏重定义
                 c:\program files\microsoft sdks\windows\v7.0a\include\winnt.h(2033) : 参见“STATUS_STACK_BUFFER_OVERRUN”的前一个定义
     1>g:\demo projects\lpcdemo\inc\ntstatus.h(8650): warning C4005: “STATUS_INVALID_CRUNTIME_PARAMETER”: 宏重定义
                 c:\program files\microsoft sdks\windows\v7.0a\include\winnt.h(2034) : 参见“STATUS_INVALID_CRUNTIME_PARAMETER”的前一个定义
     1>g:\demo projects\lpcdemo\inc\ntstatus.h(8713): warning C4005: “STATUS_ASSERTION_FAILURE”: 宏重定义
                 c:\program files\microsoft sdks\windows\v7.0a\include\winnt.h(2035) : 参见“STATUS_ASSERTION_FAILURE”的前一个定义
     1>g:\demo projects\lpcdemo\inc\ntstatus.h(11904): warning C4005: “STATUS_SXS_EARLY_DEACTIVATION”: 宏重定义
                 c:\program files\microsoft sdks\windows\v7.0a\include\winnt.h(2037) : 参见“STATUS_SXS_EARLY_DEACTIVATION”的前一个定义
     1>g:\demo projects\lpcdemo\inc\ntstatus.h(11913): warning C4005: “STATUS_SXS_INVALID_DEACTIVATION”: 宏重定义
                 c:\program files\microsoft sdks\windows\v7.0a\include\winnt.h(2038) : 参见“STATUS_SXS_INVALID_DEACTIVATION”的前一个定义
     1>g:\demo projects\lpcdemo\lpcdemo_exe\lpcdemo_exe.c(221): warning C4995: “wcscat”: 名称被标记为 #pragma deprecated
     1>g:\demo projects\lpcdemo\lpcdemo_exe\lpcdemo_exe.c(221): warning C4996: 'wcscat': This function or variable may be unsafe. Consider using wcscat_s instead. To disable deprecation, use _CRT_SECURE_NO_WARNINGS. See online help for details.
                 g:\visual studio 2010\vc\include\string.h(276) : 参见“wcscat”的声明
       ManifestResourceCompile:
         C:\Program Files\Microsoft SDKs\Windows\v7.0A\bin\rc.exe /nologo /fo"Debug\LpcDemo_exe.exe.embed.manifest.res" Debug\LpcDemo_exe_manifest.rc 
       Link:
         G:\Visual Studio 2010\VC\bin\link.exe /ERRORREPORT:PROMPT /OUT:"G:\Demo Projects\LpcDemo\Debug\LpcDemo_exe.exe" /INCREMENTAL /NOLOGO kernel32.lib user32.lib gdi32.lib winspool.lib comdlg32.lib advapi32.lib shell32.lib ole32.lib oleaut32.lib uuid.lib odbc32.lib odbccp32.lib /MANIFEST /ManifestFile:"Debug\LpcDemo_exe.exe.intermediate.manifest" /MANIFESTUAC:"level='asInvoker' uiAccess='false'" /DEBUG /PDB:"G:\Demo Projects\LpcDemo\Debug\LpcDemo_exe.pdb" /SUBSYSTEM:CONSOLE /TLBID:1 /DYNAMICBASE /NXCOMPAT /IMPLIB:"G:\Demo Projects\LpcDemo\Debug\LpcDemo_exe.lib" /MACHINE:X86 Debug\LpcDemo_exe.exe.embed.manifest.res
         Debug\LpcDemo_exe.obj
       Manifest:
         正在删除文件“Debug\LpcDemo_exe.exe.embed.manifest”。
         C:\Program Files\Microsoft SDKs\Windows\v7.0A\bin\mt.exe /nologo /verbose /out:"Debug\LpcDemo_exe.exe.embed.manifest" /manifest Debug\LpcDemo_exe.exe.intermediate.manifest
         C:\Program Files\Microsoft SDKs\Windows\v7.0A\bin\rc.exe /nologo /fo"Debug\LpcDemo_exe.exe.embed.manifest.res" Debug\LpcDemo_exe_manifest.rc 
       LinkEmbedManifest:
         G:\Visual Studio 2010\VC\bin\link.exe /ERRORREPORT:PROMPT /OUT:"G:\Demo Projects\LpcDemo\Debug\LpcDemo_exe.exe" /INCREMENTAL /NOLOGO kernel32.lib user32.lib gdi32.lib winspool.lib comdlg32.lib advapi32.lib shell32.lib ole32.lib oleaut32.lib uuid.lib odbc32.lib odbccp32.lib /MANIFEST /ManifestFile:"Debug\LpcDemo_exe.exe.intermediate.manifest" /MANIFESTUAC:"level='asInvoker' uiAccess='false'" /DEBUG /PDB:"G:\Demo Projects\LpcDemo\Debug\LpcDemo_exe.pdb" /SUBSYSTEM:CONSOLE /TLBID:1 /DYNAMICBASE /NXCOMPAT /IMPLIB:"G:\Demo Projects\LpcDemo\Debug\LpcDemo_exe.lib" /MACHINE:X86 Debug\LpcDemo_exe.exe.embed.manifest.res
         Debug\LpcDemo_exe.obj
         LpcDemo_exe.vcxproj -> G:\Demo Projects\LpcDemo\Debug\LpcDemo_exe.exe
       FinalizeBuildStatus:
         正在删除文件“Debug\LpcDemo_exe.unsuccessfulbuild”。
         正在对“Debug\LpcDemo_exe.lastbuildstate”执行 Touch 任务。
     1>已完成生成项目“G:\Demo Projects\LpcDemo\LpcDemo_exe\LpcDemo_exe.vcxproj”(rebuild 个目标)的操作。

生成成功。

已用时间 00:00:03.82
